Flutter crash report.
Please report a bug at https://github.com/flutter/flutter/issues.

## command

flutter run --no-sound-null-safety

## exception

SentinelException: [Sentinel kind: Collected, valueAsString: <collected>] from reloadSources()

```
#0      new _OutstandingRequest (package:vm_service/src/vm_service.dart:1746:45)
#1      VmService._call (package:vm_service/src/vm_service.dart:2262:21)
#2      VmService.reloadSources (package:vm_service/src/vm_service.dart:2117:7)
#3      _reloadDeviceSources (package:flutter_tools/src/run_hot.dart:1184:33)
<asynchronous suspension>
#4      _defaultReloadSourcesHelper (package:flutter_tools/src/run_hot.dart:1123:65)
<asynchronous suspension>
#5      HotRunner._reloadSources (package:flutter_tools/src/run_hot.dart:904:38)
<asynchronous suspension>
#6      HotRunner._hotReloadHelper (package:flutter_tools/src/run_hot.dart:812:16)
<asynchronous suspension>
#7      HotRunner.restart (package:flutter_tools/src/run_hot.dart:707:36)
<asynchronous suspension>
#8      TerminalHandler._commonTerminalInputHandler (package:flutter_tools/src/resident_runner.dart:1686:40)
<asynchronous suspension>
#9      TerminalHandler.processTerminalInput (package:flutter_tools/src/resident_runner.dart:1739:7)
<asynchronous suspension>
```

## flutter doctor

```
[✓] Flutter (Channel stable, 3.3.10, on macOS 14.1 23B74 darwin-x64, locale
    en-US)
    • Flutter version 3.3.10 on channel stable at /Users/Shared/tools/flutter3
    • Upstream repository https://github.com/flutter/flutter.git
    • Framework revision 135454af32 (1 year, 1 month ago), 2022-12-15 07:36:55
      -0800
    • Engine revision 3316dd8728
    • Dart version 2.18.6
    • DevTools version 2.15.0

[✓] Android toolchain - develop for Android devices (Android SDK version 33.0.2)
    • Android SDK at /Users/neverbeg/Library/Android/sdk
    • Platform android-33, build-tools 33.0.2
    • ANDROID_HOME = /Users/neverbeg/Library/Android/sdk
    • Java binary at:
      /Users/neverbeg/Library/Java/JavaVirtualMachines/corretto-17.0.7/Contents/
      Home/bin/java
    • Java version OpenJDK Runtime Environment Corretto-17.0.7.7.1 (build
      17.0.7+7-LTS)
    • All Android licenses accepted.

[✓] Xcode - develop for iOS and macOS (Xcode 15.0.1)
    • Xcode at /Applications/Xcode.app/Contents/Developer
    • Build 15A507
    • CocoaPods version 1.11.3

[✓] Chrome - develop for the web
    • Chrome at /Applications/Google Chrome.app/Contents/MacOS/Google Chrome

[!] Android Studio (version 2022.3)
    • Android Studio at /Applications/Android Studio.app/Contents
    • Flutter plugin can be installed from:
      🔨 https://plugins.jetbrains.com/plugin/9212-flutter
    • Dart plugin can be installed from:
      🔨 https://plugins.jetbrains.com/plugin/6351-dart
    ✗ Unable to find bundled Java version.
    • Try updating or re-installing Android Studio.

[✓] VS Code (version 1.85.1)
    • VS Code at /Applications/Visual Studio Code.app/Contents
    • Flutter extension version 3.80.0

[✓] Connected device (3 available)
    • SM G977B (mobile) • R3CM602270A • android-arm64  • Android 11 (API 30)
    • macOS (desktop)   • macos       • darwin-x64     • macOS 14.1 23B74
      darwin-x64
    • Chrome (web)      • chrome      • web-javascript • Google Chrome
      114.0.5735.198

[✓] HTTP Host Availability
    • All required HTTP hosts are available

! Doctor found issues in 1 category.
```
